[19:57:48][PluginLoader][INFO] No plugins found.
[19:57:48][ProcessManager][WARNING] Failed to read PIDs: pid-list.txt (SystÈm nem˘ûe nalÈzt uveden˝ soubor)
[19:57:48][NATTCore][INFO] NATT CORE initialization done
Version: 1.7.0 
Configuration path: https://gitlab.com/ap5vs/test-config/telnet-server-config/-/raw/main/test-config-3.yaml?ref_type=heads
Configuration loading mode: FROM URL
[19:57:48][NATTCore][INFO] Working directory path: G:\Bordel\äkola\UTB\V˝voj sÌùov˝ch aplikacÌ ( JAVA )\telnet-server
[19:57:48][NATTCore][INFO] Start loading of the configuration file ...
[19:57:49][NetworkIO][INFO] Yaml data has been loaded from network location (https://gitlab.com/ap5vs/test-config/telnet-server-config/-/raw/main/test-config-3.yaml?ref_type=heads)
[19:57:49][NATTCore][INFO] Configuration loading done
[19:57:49][NATTCore][INFO] Start building test structure according to the configuration ...
[19:57:49][NATTCore][INFO] Test structure ...
[19:57:50][NATTCore][INFO] Test structure building done
[19:57:50][NATTCore][INFO] Start test executing ...
[19:57:50][TestReportGenerator][INFO] Extenet reports generated. Final report will be saved to file: test_report.html
[19:57:50][NATTCore][INFO] Starts execution on the root keyword  ...
[19:57:50][MessageBuffer][INFO] Message buffer created for module with name: default
[19:57:50][ExternalProgramRunner][INFO] (default) Run external app with command: java -jar app/build/libs/app.jar 9999 5
[19:57:50][ProcessManager][INFO] New PID (20756) added to file
[19:57:50][WaitKw][INFO] Waiting: 800 ms
[19:57:50][ProcessManager][INFO] PID (20756) removed from file
[19:57:50][ExternalProgramRunner][WARNING] (default) External application ends with error: 1
[19:57:50][ExternalProgramRunner][WARNING] (default) Error message from external application: Error: Unable to access jarfile app/build/libs/app.jar

[19:57:51][MessageBuffer][INFO] Message buffer created for module with name: client-1
[19:57:51][TelnetClient][WARNING] (client-1) Failed to establish a connection with the host 'localhost' on port '9999'
[19:57:51][WaitKw][INFO] Waiting: 600 ms
[19:57:51][TestSuiteKw][INFO] Test case 'Test komunikace jednoho klienta 1' starts executing now
[19:57:51][WaitKw][INFO] Waiting: 900 ms
[19:57:52][NATTContext][INFO] Data has been stored in to the variable 'var-1'. Data value: 
[19:57:52][AssertEqualsKw][WARNING] Assertion failed. True was expected as the result. Condition: (Value of variable '' must equals expected text 'This is a test message')
[19:57:52][TestSuiteKw][ERROR] Test suite 'Testov√°n√≠ serveru s jedn√≠m klientem' - Test case 'Test komunikace jednoho klienta 1' failed
[19:57:52][MessageBuffer][INFO] Message buffer cleared
[19:57:53][TestSuiteKw][INFO] Test case 'Test komunikace jednoho klienta 2' starts executing now
[19:57:53][WaitKw][INFO] Waiting: 600 ms
[19:57:54][WaitKw][INFO] Waiting: 900 ms
[19:57:54][NATTContext][INFO] Data has been stored in to the variable 'var-1'. Data value: 
[19:57:54][NATTContext][INFO] Data has been stored in to the variable 'var-2'. Data value: 
[19:57:54][AssertEqualsKw][WARNING] Assertion failed. True was expected as the result. Condition: (Value of variable '' must equals expected text 'Testing message 123')
[19:57:54][AssertEqualsKw][WARNING] Assertion failed. True was expected as the result. Condition: (Value of variable '' must equals expected text 'Lorem ipsum dolor sit amet, consectetur adipiscing elit. Sed do eiusmod tempor incididunt ut labore et dolore magna aliqua.')
[19:57:54][TestSuiteKw][ERROR] Test suite 'Testov√°n√≠ serveru s jedn√≠m klientem' - Test case 'Test komunikace jednoho klienta 2' failed
[19:57:55][MessageBuffer][INFO] Message buffer cleared
[19:57:55][MessageBuffer][INFO] Message buffer cleared
[19:57:55][TelnetClient][INFO] (client-1) Telnet client [client-1] terminated
[19:57:55][TelnetClient][WARNING] (client-1) Failed to establish a connection with the host 'localhost' on port '9999'
[19:57:55][MessageBuffer][INFO] Message buffer created for module with name: client-2
[19:57:55][TelnetClient][WARNING] (client-2) Failed to establish a connection with the host 'localhost' on port '9999'
[19:57:55][MessageBuffer][INFO] Message buffer created for module with name: client-3
[19:57:55][TelnetClient][WARNING] (client-3) Failed to establish a connection with the host 'localhost' on port '9999'
[19:57:55][WaitKw][INFO] Waiting: 800 ms
[19:57:56][TestSuiteKw][INFO] Test case 'Test komunikace v√≠ce klient≈Ø 1' starts executing now
[19:57:56][WaitKw][INFO] Waiting: 900 ms
[19:57:57][NATTContext][INFO] Data has been stored in to the variable 'var-1'. Data value: 
[19:57:57][NATTContext][INFO] Data has been stored in to the variable 'var-2'. Data value: 
[19:57:57][NATTContext][INFO] Data has been stored in to the variable 'var-3'. Data value: 
[19:57:57][AssertEqualsKw][WARNING] Assertion failed. True was expected as the result. Condition: (Value of variable '' must equals expected text 'This is testing message 987654321')
[19:57:57][AssertEqualsKw][WARNING] Assertion failed. True was expected as the result. Condition: (Value of variable '' must equals expected text 'This is testing message from client #2')
[19:57:57][AssertEqualsKw][WARNING] Assertion failed. True was expected as the result. Condition: (Value of variable '' must equals expected text 'Next testing message from client 3!!')
[19:57:57][TestSuiteKw][ERROR] Test suite 'Testov√°n√≠ serveru s v√≠ce klienty' - Test case 'Test komunikace v√≠ce klient≈Ø 1' failed
[19:57:57][MessageBuffer][INFO] Message buffer cleared
[19:57:58][TestSuiteKw][INFO] Test case 'Test komunikace v√≠ce klient≈Ø 2' starts executing now
[19:57:58][WaitKw][INFO] Waiting: 1400 ms
[19:57:59][NATTContext][INFO] Data has been stored in to the variable 'var-1'. Data value: 0
[19:57:59][NATTContext][INFO] Data has been stored in to the variable 'var-2'. Data value: 0
[19:57:59][NATTContext][INFO] Data has been stored in to the variable 'var-3'. Data value: 0
[19:57:59][AssertEqualsKw][WARNING] Assertion failed. True was expected as the result. Condition: (Expected value '3,000000' must be same as the value of the variable '0')
[19:57:59][AssertEqualsKw][WARNING] Assertion failed. True was expected as the result. Condition: (Expected value '4,000000' must be same as the value of the variable '0')
[19:57:59][AssertEqualsKw][WARNING] Assertion failed. True was expected as the result. Condition: (Expected value '2,000000' must be same as the value of the variable '0')
[19:57:59][TestSuiteKw][ERROR] Test suite 'Testov√°n√≠ serveru s v√≠ce klienty' - Test case 'Test komunikace v√≠ce klient≈Ø 2' failed
[19:57:59][MessageBuffer][INFO] Message buffer cleared
[19:58:00][MessageBuffer][INFO] Message buffer cleared
[19:58:00][TelnetClient][INFO] (client-1) Telnet client [client-1] terminated
[19:58:00][TelnetClient][INFO] (client-2) Telnet client [client-2] terminated
[19:58:00][TelnetClient][INFO] (client-3) Telnet client [client-3] terminated
[19:58:00][TelnetClient][WARNING] (client-1) Failed to establish a connection with the host 'localhost' on port '9999'
[19:58:00][WaitKw][INFO] Waiting: 500 ms
[19:58:00][TelnetClient][WARNING] (client-2) Failed to establish a connection with the host 'localhost' on port '9999'
[19:58:00][WaitKw][INFO] Waiting: 500 ms
[19:58:01][TelnetClient][WARNING] (client-3) Failed to establish a connection with the host 'localhost' on port '9999'
[19:58:01][WaitKw][INFO] Waiting: 500 ms
[19:58:01][MessageBuffer][INFO] Message buffer created for module with name: client-4
[19:58:01][TelnetClient][WARNING] (client-4) Failed to establish a connection with the host 'localhost' on port '9999'
[19:58:01][WaitKw][INFO] Waiting: 500 ms
[19:58:02][MessageBuffer][INFO] Message buffer created for module with name: client-5
[19:58:02][TelnetClient][WARNING] (client-5) Failed to establish a connection with the host 'localhost' on port '9999'
[19:58:02][WaitKw][INFO] Waiting: 500 ms
[19:58:02][MessageBuffer][INFO] Message buffer created for module with name: client-6
[19:58:02][TelnetClient][WARNING] (client-6) Failed to establish a connection with the host 'localhost' on port '9999'
[19:58:02][WaitKw][INFO] Waiting: 500 ms
[19:58:03][TestSuiteKw][INFO] Test case 'Testov√°n√≠ omezen√≠ poƒçtu klient≈Ø 1' starts executing now
[19:58:03][WaitKw][INFO] Waiting: 1200 ms
[19:58:04][NATTContext][INFO] Data has been stored in to the variable 'var-1'. Data value: 0
[19:58:04][NATTContext][INFO] Data has been stored in to the variable 'var-2'. Data value: 0
[19:58:04][AssertEqualsKw][WARNING] Assertion failed. True was expected as the result. Condition: (Expected value '2,000000' must be same as the value of the variable '0')
[19:58:04][TestSuiteKw][ERROR] Test suite 'Testov√°n√≠ omezen√≠ poƒçtu p≈ôipojen√≠ k serveru' - Test case 'Testov√°n√≠ omezen√≠ poƒçtu klient≈Ø 1' failed
[19:58:04][MessageBuffer][INFO] Message buffer cleared
[19:58:05][MessageBuffer][INFO] Message buffer cleared
[19:58:05][TelnetClient][INFO] (client-1) Telnet client [client-1] terminated
[19:58:05][TelnetClient][INFO] (client-2) Telnet client [client-2] terminated
[19:58:05][TelnetClient][INFO] (client-3) Telnet client [client-3] terminated
[19:58:05][TelnetClient][INFO] (client-4) Telnet client [client-4] terminated
[19:58:05][TelnetClient][INFO] (client-5) Telnet client [client-5] terminated
[19:58:05][TelnetClient][INFO] (client-6) Telnet client [client-6] terminated
[19:58:05][MessageBuffer][INFO] Message buffer cleared
[19:58:05][NATTCore][INFO] Test executing finished
[19:58:05][NATTCore][INFO] Start generating test report
[19:58:05][TestReportGenerator][INFO] Report saved to file
[19:58:05][NATTCore][WARNING] Failed test cases: "Test suite 'Testov√°n√≠ serveru s jedn√≠m klientem' initialization", "Test suite 'Testov√°n√≠ serveru s v√≠ce klienty' initialization", "Test suite 'Testov√°n√≠ omezen√≠ poƒçtu p≈ôipojen√≠ k serveru' initialization", "Test komunikace jednoho klienta 1", "Test komunikace jednoho klienta 2", "Test komunikace v√≠ce klient≈Ø 1", "Test komunikace v√≠ce klient≈Ø 2", "Testov√°n√≠ omezen√≠ poƒçtu klient≈Ø 1"
[19:58:05][NATTCore][INFO] Final score: 0,000000
[19:58:05][NATTCore][ERROR] Testing done. Leaving status: FAILED
