[16:41:34][PluginLoader][INFO] No plugins found.
[16:41:34][NATTCore][INFO] NATT CORE initialization done
Version: 1.7.0 
Configuration path: https://gitlab.com/ap5vs/test-config/telnet-client-config/-/raw/main/test-config-2.yaml?ref_type=heads
Configuration loading mode: FROM URL
[16:41:34][NATTCore][INFO] Working directory path: G:\Bordel\äkola\UTB\V˝voj sÌùov˝ch aplikacÌ ( JAVA )\Telnet Client
[16:41:34][NATTCore][INFO] Start loading of the configuration file ...
[16:41:34][NetworkIO][INFO] Yaml data has been loaded from network location (https://gitlab.com/ap5vs/test-config/telnet-client-config/-/raw/main/test-config-2.yaml?ref_type=heads)
[16:41:34][NATTCore][INFO] Configuration loading done
[16:41:34][NATTCore][INFO] Start building test structure according to the configuration ...
[16:41:34][NATTCore][INFO] Test structure ...
[16:41:34][NATTCore][INFO] Test structure building done
[16:41:34][NATTCore][INFO] Start test executing ...
[16:41:34][TestReportGenerator][INFO] Extenet reports generated. Final report will be saved to file: test_report.html
[16:41:34][NATTCore][INFO] Starts execution on the root keyword  ...
[16:41:34][MessageBuffer][INFO] Message buffer created for module with name: tel-server-1
[16:41:34][TelnetServer][INFO] (tel-server-1) Server socket is listening on port 9999
[16:41:34][MessageBuffer][INFO] Message buffer created for module with name: default
[16:41:34][ExternalProgramRunner][INFO] (default) Run external app with command: java -jar app/build/libs/app.jar localhost 9999
[16:41:34][ProcessManager][INFO] New PID (29284) added to file
[16:41:34][WaitKw][INFO] Waiting: 200 ms
[16:41:34][ProcessManager][INFO] PID (29284) removed from file
[16:41:34][ExternalProgramRunner][WARNING] (default) External application ends with error: 1
[16:41:34][ExternalProgramRunner][WARNING] (default) Error message from external application: Error: Unable to access jarfile app/build/libs/app.jar

[16:41:35][TestSuiteKw][INFO] Test case 'Test odesl√°n√≠ zpr√°vy 1' starts executing now
[16:41:35][ExternalProgramRunner][WARNING] (default) Failed to send data. External app is not running now!
[16:41:35][WaitKw][INFO] Waiting: 500 ms
[16:41:35][ExternalProgramRunner][WARNING] (default) Failed to send data. External app is not running now!
[16:41:35][WaitKw][INFO] Waiting: 1200 ms
[16:41:36][NATTContext][INFO] Data has been stored in to the variable 'var-1'. Data value: 
[16:41:36][NATTContext][INFO] Data has been stored in to the variable 'var-2'. Data value: 
[16:41:36][AssertEqualsKw][WARNING] Assertion failed. True was expected as the result. Condition: (Value of variable '' must equals expected text 'This is test message 1')
[16:41:36][AssertEqualsKw][WARNING] Assertion failed. True was expected as the result. Condition: (Value of variable '' must equals expected text 'Next test message')
[16:41:36][TestSuiteKw][ERROR] Test suite 'Testov√°n√≠ odes√≠l√°n√≠ zpr√°v' - Test case 'Test odesl√°n√≠ zpr√°vy 1' failed
[16:41:36][MessageBuffer][INFO] Message buffer cleared
[16:41:37][TestSuiteKw][INFO] Test case 'Test odesl√°n√≠ zpr√°vy 2' starts executing now
[16:41:37][ExternalProgramRunner][WARNING] (default) Failed to send data. External app is not running now!
[16:41:37][ExternalProgramRunner][WARNING] (default) Failed to send data. External app is not running now!
[16:41:37][ExternalProgramRunner][WARNING] (default) Failed to send data. External app is not running now!
[16:41:37][ExternalProgramRunner][WARNING] (default) Failed to send data. External app is not running now!
[16:41:37][ExternalProgramRunner][WARNING] (default) Failed to send data. External app is not running now!
[16:41:37][WaitKw][INFO] Waiting: 1200 ms
[16:41:38][NATTContext][INFO] Data has been stored in to the variable 'var-1'. Data value: 
[16:41:38][AssertEqualsKw][WARNING] Assertion failed. True was expected as the result. Condition: (Value of variable '' must equals expected text 'This is test message 3')
[16:41:38][NATTContext][INFO] Data has been stored in to the variable 'var-2'. Data value: 0
[16:41:38][AssertEqualsKw][WARNING] Assertion failed. True was expected as the result. Condition: (Expected value '5,000000' must be same as the value of the variable '0')
[16:41:38][TestSuiteKw][ERROR] Test suite 'Testov√°n√≠ odes√≠l√°n√≠ zpr√°v' - Test case 'Test odesl√°n√≠ zpr√°vy 2' failed
[16:41:38][MessageBuffer][INFO] Message buffer cleared
[16:41:39][TestSuiteKw][INFO] Test case 'Test odesl√°n√≠ zpr√°vy 3' starts executing now
[16:41:39][ExternalProgramRunner][WARNING] (default) Failed to send data. External app is not running now!
[16:41:39][ExternalProgramRunner][WARNING] (default) Failed to send data. External app is not running now!
[16:41:39][ExternalProgramRunner][WARNING] (default) Failed to send data. External app is not running now!
[16:41:39][WaitKw][INFO] Waiting: 1200 ms
[16:41:40][NATTContext][INFO] Data has been stored in to the variable 'var-1'. Data value: 
[16:41:40][TestSuiteKw][ERROR] Test suite 'Testov√°n√≠ odes√≠l√°n√≠ zpr√°v' - Test case 'Test odesl√°n√≠ zpr√°vy 3' failed
[16:41:40][MessageBuffer][INFO] Message buffer cleared
[16:41:41][MessageBuffer][INFO] Message buffer cleared
[16:41:41][ExternalProgramRunner][INFO] (default) Run external app with command: java -jar app/build/libs/app.jar localhost 9999
[16:41:41][ProcessManager][INFO] New PID (26052) added to file
[16:41:41][WaitKw][INFO] Waiting: 200 ms
[16:41:41][ProcessManager][INFO] PID (26052) removed from file
[16:41:41][ExternalProgramRunner][WARNING] (default) External application ends with error: 1
[16:41:41][ExternalProgramRunner][WARNING] (default) Error message from external application: Error: Unable to access jarfile app/build/libs/app.jar

[16:41:41][TestSuiteKw][INFO] Test case 'Test p≈ôij√≠m√°n√≠ zpr√°v 1' starts executing now
[16:41:41][TelnetServer][INFO] (tel-server-1) Message send: This is message from server
[16:41:41][WaitKw][INFO] Waiting: 1200 ms
[16:41:42][NATTContext][INFO] Data has been stored in to the variable 'var-1'. Data value: 
[16:41:42][AssertEqualsKw][WARNING] Assertion failed. True was expected as the result. Condition: (Value of variable '' must equals expected text 'This is message from server')
[16:41:42][TestSuiteKw][ERROR] Test suite 'Testov√°n√≠ p≈ôij√≠m√°n√≠ zpr√°v' - Test case 'Test p≈ôij√≠m√°n√≠ zpr√°v 1' failed
[16:41:42][MessageBuffer][INFO] Message buffer cleared
[16:41:43][TestSuiteKw][INFO] Test case 'Test p≈ôij√≠m√°n√≠ zpr√°v 2' starts executing now
[16:41:43][TelnetServer][INFO] (tel-server-1) Message send: This is message from server 1
[16:41:43][WaitKw][INFO] Waiting: 400 ms
[16:41:43][TelnetServer][INFO] (tel-server-1) Message send: Next message
[16:41:43][WaitKw][INFO] Waiting: 900 ms
[16:41:44][NATTContext][INFO] Data has been stored in to the variable 'var-1'. Data value: 
[16:41:44][NATTContext][INFO] Data has been stored in to the variable 'var-2'. Data value: 
[16:41:44][AssertEqualsKw][WARNING] Assertion failed. True was expected as the result. Condition: (Value of variable '' must equals expected text 'This is message from server 1')
[16:41:44][AssertEqualsKw][WARNING] Assertion failed. True was expected as the result. Condition: (Value of variable '' must equals expected text 'Next message')
[16:41:44][TestSuiteKw][ERROR] Test suite 'Testov√°n√≠ p≈ôij√≠m√°n√≠ zpr√°v' - Test case 'Test p≈ôij√≠m√°n√≠ zpr√°v 2' failed
[16:41:45][MessageBuffer][INFO] Message buffer cleared
[16:41:45][MessageBuffer][INFO] Message buffer cleared
[16:41:45][ExternalProgramRunner][INFO] (default) Run external app with command: java -jar app/build/libs/app.jar localhost 9999
[16:41:45][ProcessManager][INFO] New PID (29036) added to file
[16:41:45][WaitKw][INFO] Waiting: 200 ms
[16:41:45][ProcessManager][INFO] PID (29036) removed from file
[16:41:45][ExternalProgramRunner][WARNING] (default) External application ends with error: 1
[16:41:45][ExternalProgramRunner][WARNING] (default) Error message from external application: Error: Unable to access jarfile app/build/libs/app.jar

[16:41:46][TestSuiteKw][INFO] Test case 'Test ukonƒçen√≠' starts executing now
[16:41:46][ExternalProgramRunner][WARNING] (default) Failed to send data. External app is not running now!
[16:41:46][WaitKw][INFO] Waiting: 1000 ms
[16:41:47][TestSuiteKw][ERROR] Test suite 'Test p≈ô√≠kazu pro ukonƒçen√≠' - Test case 'Test ukonƒçen√≠' failed
[16:41:47][MessageBuffer][INFO] Message buffer cleared
[16:41:47][MessageBuffer][INFO] Message buffer cleared
[16:41:47][MessageBuffer][INFO] Message buffer cleared
[16:41:47][TelnetServer][INFO] (tel-server-1) Telnet server [tel-server-1] terminated
[16:41:47][NATTCore][INFO] Test executing finished
[16:41:47][NATTCore][INFO] Start generating test report
[16:41:47][TelnetServer][INFO] (tel-server-1) Server socket closed
[16:41:48][TestReportGenerator][INFO] Report saved to file
[16:41:48][NATTCore][WARNING] Failed test cases: "Test odesl√°n√≠ zpr√°vy 1", "Test odesl√°n√≠ zpr√°vy 2", "Test odesl√°n√≠ zpr√°vy 3", "Test p≈ôij√≠m√°n√≠ zpr√°v 1", "Test p≈ôij√≠m√°n√≠ zpr√°v 2", "Test ukonƒçen√≠"
[16:41:48][NATTCore][INFO] Final score: 0,000000
[16:41:48][NATTCore][ERROR] Testing done. Leaving status: FAILED
